[debug] [2022-02-10T17:19:28.528Z] ----------------------------------------------------------------------
[debug] [2022-02-10T17:19:28.531Z] Command:       C:\Program Files\nodejs\node.exe C:\Users\eliezer\AppData\Roaming\npm\node_modules\firebase-tools\lib\bin\firebase.js login
[debug] [2022-02-10T17:19:28.532Z] CLI Version:   10.1.5
[debug] [2022-02-10T17:19:28.532Z] Platform:      win32
[debug] [2022-02-10T17:19:28.532Z] Node Version:  v16.13.2
[debug] [2022-02-10T17:19:28.533Z] Time:          Thu Feb 10 2022 14:19:28 GMT-0300 (Horário Padrão de Brasília)
[debug] [2022-02-10T17:19:28.534Z] ----------------------------------------------------------------------
[debug] 
[info] i  Firebase optionally collects CLI usage and error reporting information to help improve our products. Data is collected in accordance with Google's privacy policy (https://policies.google.com/privacy) and is not used to identify you.
 
[info] i  To change your data collection preference at any time, run `firebase logout` and log in again. 
[info] 
[info] Visit this URL on this device to log in:
[info] https://accounts.google.com/o/oauth2/auth?client_id=563584335869-fgrhgmd47bqnekij5i8b5pr03ho849e6.apps.googleusercontent.com&scope=email%20openid%20https%3A%2F%2Fwww.googleapis.com%2Fauth%2Fcloudplatformprojects.readonly%20https%3A%2F%2Fwww.googleapis.com%2Fauth%2Ffirebase%20https%3A%2F%2Fwww.googleapis.com%2Fauth%2Fcloud-platform&response_type=code&state=211317600&redirect_uri=http%3A%2F%2Flocalhost%3A9005
[info] 
[info] Waiting for authentication...
[debug] [2022-02-10T17:19:30.865Z] Error: spawn cmd ENOENT
    at Process.ChildProcess._handle.onexit (node:internal/child_process:282:19)
    at onErrorNT (node:internal/child_process:477:16)
    at processTicksAndRejections (node:internal/process/task_queues:83:21)
[error] 
[error] Error: An unexpected error has occurred.
[debug] [2022-02-10T17:20:50.828Z] ----------------------------------------------------------------------
[debug] [2022-02-10T17:20:50.831Z] Command:       C:\Program Files\nodejs\node.exe C:\Users\eliezer\AppData\Roaming\npm\node_modules\firebase-tools\lib\bin\firebase.js login --debug
[debug] [2022-02-10T17:20:50.831Z] CLI Version:   10.1.5
[debug] [2022-02-10T17:20:50.832Z] Platform:      win32
[debug] [2022-02-10T17:20:50.832Z] Node Version:  v16.13.2
[debug] [2022-02-10T17:20:50.833Z] Time:          Thu Feb 10 2022 14:20:50 GMT-0300 (Horário Padrão de Brasília)
[debug] [2022-02-10T17:20:50.833Z] ----------------------------------------------------------------------
[debug] 
[info] i  Firebase optionally collects CLI usage and error reporting information to help improve our products. Data is collected in accordance with Google's privacy policy (https://policies.google.com/privacy) and is not used to identify you.
 
[info] i  To change your data collection preference at any time, run `firebase logout` and log in again. 
[info] 
[info] Visit this URL on this device to log in:
[info] https://accounts.google.com/o/oauth2/auth?client_id=563584335869-fgrhgmd47bqnekij5i8b5pr03ho849e6.apps.googleusercontent.com&scope=email%20openid%20https%3A%2F%2Fwww.googleapis.com%2Fauth%2Fcloudplatformprojects.readonly%20https%3A%2F%2Fwww.googleapis.com%2Fauth%2Ffirebase%20https%3A%2F%2Fwww.googleapis.com%2Fauth%2Fcloud-platform&response_type=code&state=926604969&redirect_uri=http%3A%2F%2Flocalhost%3A9005
[info] 
[info] Waiting for authentication...
[debug] [2022-02-10T17:20:53.664Z] Error: spawn cmd ENOENT
    at Process.ChildProcess._handle.onexit (node:internal/child_process:282:19)
    at onErrorNT (node:internal/child_process:477:16)
    at processTicksAndRejections (node:internal/process/task_queues:83:21)
[error] 
[error] Error: An unexpected error has occurred.
[debug] [2022-02-10T18:26:31.818Z] ----------------------------------------------------------------------
[debug] [2022-02-10T18:26:31.821Z] Command:       C:\Program Files\nodejs\node.exe C:\Users\eliezer\AppData\Roaming\npm\node_modules\firebase-tools\lib\bin\firebase.js login
[debug] [2022-02-10T18:26:31.821Z] CLI Version:   10.1.5
[debug] [2022-02-10T18:26:31.822Z] Platform:      win32
[debug] [2022-02-10T18:26:31.822Z] Node Version:  v16.13.2
[debug] [2022-02-10T18:26:31.824Z] Time:          Thu Feb 10 2022 15:26:31 GMT-0300 (Horário Padrão de Brasília)
[debug] [2022-02-10T18:26:31.825Z] ----------------------------------------------------------------------
[debug] 
[info] i  Firebase optionally collects CLI usage and error reporting information to help improve our products. Data is collected in accordance with Google's privacy policy (https://policies.google.com/privacy) and is not used to identify you.
 
[info] i  To change your data collection preference at any time, run `firebase logout` and log in again. 
[info] 
[info] Visit this URL on this device to log in:
[info] https://accounts.google.com/o/oauth2/auth?client_id=563584335869-fgrhgmd47bqnekij5i8b5pr03ho849e6.apps.googleusercontent.com&scope=email%20openid%20https%3A%2F%2Fwww.googleapis.com%2Fauth%2Fcloudplatformprojects.readonly%20https%3A%2F%2Fwww.googleapis.com%2Fauth%2Ffirebase%20https%3A%2F%2Fwww.googleapis.com%2Fauth%2Fcloud-platform&response_type=code&state=857509284&redirect_uri=http%3A%2F%2Flocalhost%3A9005
[info] 
[info] Waiting for authentication...
[debug] [2022-02-10T18:26:34.368Z] Error: spawn cmd ENOENT
    at Process.ChildProcess._handle.onexit (node:internal/child_process:282:19)
    at onErrorNT (node:internal/child_process:477:16)
    at processTicksAndRejections (node:internal/process/task_queues:83:21)
[error] 
[error] Error: An unexpected error has occurred.
[debug] [2022-02-10T18:27:57.582Z] ----------------------------------------------------------------------
[debug] [2022-02-10T18:27:57.586Z] Command:       C:\Program Files\nodejs\node.exe C:\Users\eliezer\AppData\Roaming\npm\node_modules\firebase-tools\lib\bin\firebase.js login --no-localhost
[debug] [2022-02-10T18:27:57.587Z] CLI Version:   10.1.5
[debug] [2022-02-10T18:27:57.587Z] Platform:      win32
[debug] [2022-02-10T18:27:57.587Z] Node Version:  v16.13.2
[debug] [2022-02-10T18:27:57.588Z] Time:          Thu Feb 10 2022 15:27:57 GMT-0300 (Horário Padrão de Brasília)
[debug] [2022-02-10T18:27:57.589Z] ----------------------------------------------------------------------
[debug] 
[info] i  Firebase optionally collects CLI usage and error reporting information to help improve our products. Data is collected in accordance with Google's privacy policy (https://policies.google.com/privacy) and is not used to identify you.
 
[info] i  To change your data collection preference at any time, run `firebase logout` and log in again. 
[info] 
[info] Visit this URL on any device to log in:
[info] https://accounts.google.com/o/oauth2/auth?client_id=563584335869-fgrhgmd47bqnekij5i8b5pr03ho849e6.apps.googleusercontent.com&scope=email%20openid%20https%3A%2F%2Fwww.googleapis.com%2Fauth%2Fcloudplatformprojects.readonly%20https%3A%2F%2Fwww.googleapis.com%2Fauth%2Ffirebase%20https%3A%2F%2Fwww.googleapis.com%2Fauth%2Fcloud-platform&response_type=code&state=976458085&redirect_uri=urn%3Aietf%3Awg%3Aoauth%3A2.0%3Aoob
[info] 
[debug] [2022-02-10T18:28:00.362Z] Error: spawn cmd ENOENT
    at Process.ChildProcess._handle.onexit (node:internal/child_process:282:19)
    at onErrorNT (node:internal/child_process:477:16)
    at processTicksAndRejections (node:internal/process/task_queues:83:21)
[error] 
[error] Error: An unexpected error has occurred.
[debug] [2022-02-10T18:33:30.162Z] ----------------------------------------------------------------------
[debug] [2022-02-10T18:33:30.171Z] Command:       C:\Program Files\nodejs\node.exe C:\Users\eliezer\AppData\Roaming\npm\node_modules\firebase-tools\lib\bin\firebase.js --debug login
[debug] [2022-02-10T18:33:30.172Z] CLI Version:   10.1.5
[debug] [2022-02-10T18:33:30.172Z] Platform:      win32
[debug] [2022-02-10T18:33:30.172Z] Node Version:  v16.13.2
[debug] [2022-02-10T18:33:30.174Z] Time:          Thu Feb 10 2022 15:33:30 GMT-0300 (Horário Padrão de Brasília)
[debug] [2022-02-10T18:33:30.174Z] ----------------------------------------------------------------------
[debug] 
[info] i  Firebase optionally collects CLI usage and error reporting information to help improve our products. Data is collected in accordance with Google's privacy policy (https://policies.google.com/privacy) and is not used to identify you.
 
[info] i  To change your data collection preference at any time, run `firebase logout` and log in again. 
[info] 
[info] Visit this URL on this device to log in:
[info] https://accounts.google.com/o/oauth2/auth?client_id=563584335869-fgrhgmd47bqnekij5i8b5pr03ho849e6.apps.googleusercontent.com&scope=email%20openid%20https%3A%2F%2Fwww.googleapis.com%2Fauth%2Fcloudplatformprojects.readonly%20https%3A%2F%2Fwww.googleapis.com%2Fauth%2Ffirebase%20https%3A%2F%2Fwww.googleapis.com%2Fauth%2Fcloud-platform&response_type=code&state=529605099&redirect_uri=http%3A%2F%2Flocalhost%3A9005
[info] 
[info] Waiting for authentication...
[debug] [2022-02-10T18:33:32.285Z] Error: spawn cmd ENOENT
    at Process.ChildProcess._handle.onexit (node:internal/child_process:282:19)
    at onErrorNT (node:internal/child_process:477:16)
    at processTicksAndRejections (node:internal/process/task_queues:83:21)
[error] 
[error] Error: An unexpected error has occurred.
[debug] [2022-02-10T18:41:21.515Z] ----------------------------------------------------------------------
[debug] [2022-02-10T18:41:21.518Z] Command:       C:\Program Files\nodejs\node.exe C:\Users\eliezer\AppData\Roaming\npm\node_modules\firebase-tools\lib\bin\firebase.js --debug login
[debug] [2022-02-10T18:41:21.519Z] CLI Version:   10.1.5
[debug] [2022-02-10T18:41:21.519Z] Platform:      win32
[debug] [2022-02-10T18:41:21.519Z] Node Version:  v16.13.2
[debug] [2022-02-10T18:41:21.521Z] Time:          Thu Feb 10 2022 15:41:21 GMT-0300 (Horário Padrão de Brasília)
[debug] [2022-02-10T18:41:21.521Z] ----------------------------------------------------------------------
[debug] 
[info] i  Firebase optionally collects CLI usage and error reporting information to help improve our products. Data is collected in accordance with Google's privacy policy (https://policies.google.com/privacy) and is not used to identify you.
 
[info] i  To change your data collection preference at any time, run `firebase logout` and log in again. 
[info] 
[info] Visit this URL on this device to log in:
[info] https://accounts.google.com/o/oauth2/auth?client_id=563584335869-fgrhgmd47bqnekij5i8b5pr03ho849e6.apps.googleusercontent.com&scope=email%20openid%20https%3A%2F%2Fwww.googleapis.com%2Fauth%2Fcloudplatformprojects.readonly%20https%3A%2F%2Fwww.googleapis.com%2Fauth%2Ffirebase%20https%3A%2F%2Fwww.googleapis.com%2Fauth%2Fcloud-platform&response_type=code&state=446213712&redirect_uri=http%3A%2F%2Flocalhost%3A9005
[info] 
[info] Waiting for authentication...
[debug] [2022-02-10T18:41:25.670Z] Error: spawn cmd ENOENT
    at Process.ChildProcess._handle.onexit (node:internal/child_process:282:19)
    at onErrorNT (node:internal/child_process:477:16)
    at processTicksAndRejections (node:internal/process/task_queues:83:21)
[error] 
[error] Error: An unexpected error has occurred.
[debug] [2022-02-10T18:59:22.409Z] ----------------------------------------------------------------------
[debug] [2022-02-10T18:59:22.412Z] Command:       C:\Program Files\nodejs\node.exe C:\Users\eliezer\AppData\Roaming\npm\node_modules\firebase-tools\lib\bin\firebase.js login
[debug] [2022-02-10T18:59:22.413Z] CLI Version:   10.1.5
[debug] [2022-02-10T18:59:22.413Z] Platform:      win32
[debug] [2022-02-10T18:59:22.414Z] Node Version:  v16.13.2
[debug] [2022-02-10T18:59:22.415Z] Time:          Thu Feb 10 2022 15:59:22 GMT-0300 (Horário Padrão de Brasília)
[debug] [2022-02-10T18:59:22.415Z] ----------------------------------------------------------------------
[debug] 
[info] i  Firebase optionally collects CLI usage and error reporting information to help improve our products. Data is collected in accordance with Google's privacy policy (https://policies.google.com/privacy) and is not used to identify you.
 
[info] i  To change your data collection preference at any time, run `firebase logout` and log in again. 
[info] 
[info] Visit this URL on this device to log in:
[info] https://accounts.google.com/o/oauth2/auth?client_id=563584335869-fgrhgmd47bqnekij5i8b5pr03ho849e6.apps.googleusercontent.com&scope=email%20openid%20https%3A%2F%2Fwww.googleapis.com%2Fauth%2Fcloudplatformprojects.readonly%20https%3A%2F%2Fwww.googleapis.com%2Fauth%2Ffirebase%20https%3A%2F%2Fwww.googleapis.com%2Fauth%2Fcloud-platform&response_type=code&state=444085017&redirect_uri=http%3A%2F%2Flocalhost%3A9005
[info] 
[info] Waiting for authentication...
[debug] [2022-02-10T18:59:25.431Z] Error: spawn cmd ENOENT
    at Process.ChildProcess._handle.onexit (node:internal/child_process:282:19)
    at onErrorNT (node:internal/child_process:477:16)
    at processTicksAndRejections (node:internal/process/task_queues:83:21)
[error] 
[error] Error: An unexpected error has occurred.
